
#unroll at 10

Exe 0: Mean = 33529097.898148
Exe 1: Mean = 806443785.333333
Exe 2: Mean = 10990924.735043
Exe 3: Mean = 3906153.225694
Exe 4: Mean = 475609312.255814
Exe 5: Mean = 768176172.906977
Exe 6: Mean = 710091289.124579
Exe 7: Mean = 852399032.494949
Exe 8: Mean = 96979827.361905
Exe 9: Mean = 88720238.919048

Exe 0: Mean = 33595502.710648
Exe 1: Mean = 807875074.466667
Exe 2: Mean = 11015702.474359
Exe 3: Mean = 3928321.447917
Exe 4: Mean = 483888428.286822
Exe 5: Mean = 774791283.697674
Exe 6: Mean = 712178152.074074
Exe 7: Mean = 854896102.808081
Exe 8: Mean = 97511857.190476
Exe 9: Mean = 88929122.704762

Exe 0: Mean = 33487362.789583
Exe 1: Mean = 805153598.420000
Exe 2: Mean = 11008860.510897
Exe 3: Mean = 3909479.626042
Exe 4: Mean = 475103291.123256
Exe 5: Mean = 766072581.720930
Exe 6: Mean = 709994260.610101
Exe 7: Mean = 851964387.557576
Exe 8: Mean = 97093251.458571
Exe 9: Mean = 88952085.491429
Exe 10: Mean = 353366963.076923
Exe 11: Mean = 965994059.297980
Exe 12: Mean = 620997221.197436
Exe 13: Mean = 811309876.750000
Exe 14: Mean = 3837996.158854
Exe 15: Mean = 1992888551.287500
Exe 16: Mean = 3888615.133333
Exe 17: Mean = 28744609.882051
Exe 18: Mean = 542600435.430000
Exe 19: Mean = 1445097852.550000
Exe 20: Mean = 26389158.329167
Exe 21: Mean = 803821743.050000
Exe 22: Mean = 1925795442.975000
Exe 23: Mean = 132781913.028571
Exe 24: Mean = 486336704.448837


# unroll at 2

Exe 0: Mean = 33256242.469444
Exe 1: Mean = 838951610.230000
Exe 2: Mean = 11001003.082436
Exe 3: Mean = 3907662.285938
Exe 4: Mean = 479267248.667442
Exe 5: Mean = 754488144.220930
Exe 6: Mean = 682620748.442424
Exe 7: Mean = 814969758.239394
Exe 8: Mean = 96073780.315714
Exe 9: Mean = 87570217.194286
Exe 10: Mean = 331005455.401538
Exe 11: Mean = 906850489.039394
Exe 12: Mean = 579984146.405128
Exe 13: Mean = 841111676.200000
Exe 14: Mean = 3840920.366667
Exe 15: Mean = 1867367578.868750
Exe 16: Mean = 3881829.566667
Exe 17: Mean = 28121375.806410
Exe 18: Mean = 586187502.880000
Exe 19: Mean = 1414432680.230000
Exe 20: Mean = 26259220.959722
Exe 21: Mean = 849394803.670000
Exe 22: Mean = 1849374862.325000
Exe 23: Mean = 130251393.820000
Exe 24: Mean = 483156940.916279

#heurithisc

Exe 0: Mean = 33232563.114583
Exe 1: Mean = 808452980.030000
Exe 2: Mean = 11039145.291667
Exe 3: Mean = 3912063.045313
Exe 4: Mean = 476853775.406977
Exe 5: Mean = 754915978.432558
Exe 6: Mean = 676420015.426263
Exe 7: Mean = 808681286.300000
Exe 8: Mean = 95058632.228571
Exe 9: Mean = 87941180.090000
Exe 10: Mean = 341781974.561538
Exe 11: Mean = 915960873.048485
Exe 12: Mean = 605731805.974359
Exe 13: Mean = 802770994.280000
Exe 14: Mean = 3838347.636979
Exe 15: Mean = 1854018925.318750
Exe 16: Mean = 3880229.050000
Exe 17: Mean = 25508275.017308
Exe 18: Mean = 531337997.915000
Exe 19: Mean = 1430969640.910000
Exe 20: Mean = 26185481.464583
Exe 21: Mean = 804549317.840000
Exe 22: Mean = 1824348803.112500
Exe 23: Mean = 129609455.088571
Exe 24: Mean = 485059976.602326

# no unroll

Exe 0: Mean = 33335244.725000
Exe 1: Mean = 808916190.040000
Exe 2: Mean = 11073264.600000
Exe 3: Mean = 3963987.450000
Exe 4: Mean = 479322723.813954
Exe 5: Mean = 767837728.823256
Exe 6: Mean = 679581027.907071
Exe 7: Mean = 809019897.614141
Exe 8: Mean = 93830633.188571
Exe 9: Mean = 87842397.748571
Exe 10: Mean = 347577064.556923
Exe 11: Mean = 923629055.414141
Exe 12: Mean = 608819943.805128
Exe 13: Mean = 805320341.600000
Exe 14: Mean = 3898327.562500
Exe 15: Mean = 1851094246.212500
Exe 16: Mean = 3945338.493750
Exe 17: Mean = 25681656.815385
Exe 18: Mean = 531172351.040000
Exe 19: Mean = 1431104964.240000
Exe 20: Mean = 26239054.833333
Exe 21: Mean = 805680318.640000
Exe 22: Mean = 1826574288.137500
Exe 23: Mean = 131336619.171429
Exe 24: Mean = 486272264.255814
